1613413471662	geckodriver	INFO	Listening on 127.0.0.1:58953
1613413471667	mozrunner::runner	INFO	Running command: "/usr/bin/firefox" "--marionette" "-foreground" "-no-remote" "-profile" "/tmp/rust_mozprofilenUS8tS"
console.warn: SearchSettings: "get: No settings file exists, new profile?" (new Error("", "(unknown module)"))
console.warn: SearchSettings: "get: No settings file exists, new profile?" (new Error("", "(unknown module)"))
1613413473752	Marionette	INFO	Listening on port 41105
1613413473803	Marionette	WARN	TLS certificate errors will be ignored for this session
1613413473822	Marionette	ERROR	[15] No reply from Marionette:Register
IPDL protocol error: Handler returned error code!

###!!! [Parent][DispatchAsyncMessage] Error: PLayerTransaction::Msg_ReleaseLayer Processing error: message was deserialized, but the handler returned false (indicating failure)

IPDL protocol error: Handler returned error code!

###!!! [Parent][DispatchAsyncMessage] Error: PLayerTransaction::Msg_ReleaseLayer Processing error: message was deserialized, but the handler returned false (indicating failure)

IPDL protocol error: Handler returned error code!

###!!! [Parent][DispatchAsyncMessage] Error: PLayerTransaction::Msg_ReleaseLayer Processing error: message was deserialized, but the handler returned false (indicating failure)

IPDL protocol error: Handler returned error code!

###!!! [Parent][DispatchAsyncMessage] Error: PLayerTransaction::Msg_ReleaseLayer Processing error: message was deserialized, but the handler returned false (indicating failure)

IPDL protocol error: Handler returned error code!

###!!! [Parent][DispatchAsyncMessage] Error: PLayerTransaction::Msg_ReleaseLayer Processing error: message was deserialized, but the handler returned false (indicating failure)

IPDL protocol error: Handler returned error code!

###!!! [Parent][DispatchAsyncMessage] Error: PLayerTransaction::Msg_ReleaseLayer Processing error: message was deserialized, but the handler returned false (indicating failure)

1613413491313	Marionette	INFO	Stopped listening on port 41105
1613413654208	geckodriver	INFO	Listening on 127.0.0.1:54453
1613413654214	mozrunner::runner	INFO	Running command: "/usr/bin/firefox" "--marionette" "--headless" "-foreground" "-no-remote" "-profile" "/tmp/rust_mozprofileG8Nbe1"
*** You are running in headless mode.
console.warn: SearchSettings: "get: No settings file exists, new profile?" (new Error("", "(unknown module)"))
console.warn: SearchSettings: "get: No settings file exists, new profile?" (new Error("", "(unknown module)"))
1613413655966	Marionette	INFO	Listening on port 43781
1613413656037	Marionette	WARN	TLS certificate errors will be ignored for this session
1613413656056	Marionette	ERROR	[15] No reply from Marionette:Register
JavaScript warning: https://cdn.intergient.com/pageos/1.5.16/videoCard.1451368a7b5e945a3252.js, line 1: WebGL warning: <Create>: Can't use WebGL in headless mode (https://bugzil.la/1375585).
JavaScript warning: https://cdn.intergient.com/pageos/1.5.16/videoCard.1451368a7b5e945a3252.js, line 1: Failed to create WebGL context: WebGL creation failed: 
* Can't use WebGL in headless mode (https://bugzil.la/1375585).
JavaScript warning: https://cdn.intergient.com/pageos/1.5.16/videoCard.1451368a7b5e945a3252.js, line 1: WebGL warning: <Create>: Can't use WebGL in headless mode (https://bugzil.la/1375585).
JavaScript warning: https://cdn.intergient.com/pageos/1.5.16/videoCard.1451368a7b5e945a3252.js, line 1: Failed to create WebGL context: WebGL creation failed: 
* Can't use WebGL in headless mode (https://bugzil.la/1375585).
JavaScript warning: https://z.moatads.com/playwireprebidheader597261727146/moatheader.js, line 178: WebGL warning: <Create>: Can't use WebGL in headless mode (https://bugzil.la/1375585).
JavaScript warning: https://z.moatads.com/playwireprebidheader597261727146/moatheader.js, line 178: Failed to create WebGL context: WebGL creation failed: 
* Can't use WebGL in headless mode (https://bugzil.la/1375585).
JavaScript warning: https://z.moatads.com/playwireprebidheader597261727146/moatheader.js, line 178: WebGL warning: <Create>: Can't use WebGL in headless mode (https://bugzil.la/1375585).
JavaScript warning: https://z.moatads.com/playwireprebidheader597261727146/moatheader.js, line 178: Failed to create WebGL context: WebGL creation failed: 
* Can't use WebGL in headless mode (https://bugzil.la/1375585).
1613413683778	geckodriver	INFO	Listening on 127.0.0.1:43061
1613413683783	mozrunner::runner	INFO	Running command: "/usr/bin/firefox" "--marionette" "--headless" "-foreground" "-no-remote" "-profile" "/tmp/rust_mozprofilenZyoaR"
*** You are running in headless mode.
console.warn: SearchSettings: "get: No settings file exists, new profile?" (new Error("", "(unknown module)"))
console.warn: SearchSettings: "get: No settings file exists, new profile?" (new Error("", "(unknown module)"))
1613413685524	Marionette	INFO	Listening on port 36581
1613413685614	Marionette	WARN	TLS certificate errors will be ignored for this session
1613413685634	Marionette	ERROR	[15] No reply from Marionette:Register
JavaScript warning: https://cdn.intergient.com/pageos/1.5.16/videoCard.1451368a7b5e945a3252.js, line 1: WebGL warning: <Create>: Can't use WebGL in headless mode (https://bugzil.la/1375585).
JavaScript warning: https://cdn.intergient.com/pageos/1.5.16/videoCard.1451368a7b5e945a3252.js, line 1: Failed to create WebGL context: WebGL creation failed: 
* Can't use WebGL in headless mode (https://bugzil.la/1375585).
JavaScript warning: https://cdn.intergient.com/pageos/1.5.16/videoCard.1451368a7b5e945a3252.js, line 1: WebGL warning: <Create>: Can't use WebGL in headless mode (https://bugzil.la/1375585).
JavaScript warning: https://cdn.intergient.com/pageos/1.5.16/videoCard.1451368a7b5e945a3252.js, line 1: Failed to create WebGL context: WebGL creation failed: 
* Can't use WebGL in headless mode (https://bugzil.la/1375585).
JavaScript warning: https://z.moatads.com/playwireprebidheader597261727146/moatheader.js, line 178: WebGL warning: <Create>: Can't use WebGL in headless mode (https://bugzil.la/1375585).
JavaScript warning: https://z.moatads.com/playwireprebidheader597261727146/moatheader.js, line 178: Failed to create WebGL context: WebGL creation failed: 
* Can't use WebGL in headless mode (https://bugzil.la/1375585).
JavaScript warning: https://z.moatads.com/playwireprebidheader597261727146/moatheader.js, line 178: WebGL warning: <Create>: Can't use WebGL in headless mode (https://bugzil.la/1375585).
JavaScript warning: https://z.moatads.com/playwireprebidheader597261727146/moatheader.js, line 178: Failed to create WebGL context: WebGL creation failed: 
* Can't use WebGL in headless mode (https://bugzil.la/1375585).
1613413739102	geckodriver	INFO	Listening on 127.0.0.1:38215
1613413739108	mozrunner::runner	INFO	Running command: "/usr/bin/firefox" "--marionette" "--headless" "-foreground" "-no-remote" "-profile" "/tmp/rust_mozprofilelHTtvP"
*** You are running in headless mode.
console.warn: SearchSettings: "get: No settings file exists, new profile?" (new Error("", "(unknown module)"))
console.warn: SearchSettings: "get: No settings file exists, new profile?" (new Error("", "(unknown module)"))
1613413740932	Marionette	INFO	Listening on port 35101
1613413741036	Marionette	WARN	TLS certificate errors will be ignored for this session
1613413741056	Marionette	ERROR	[15] No reply from Marionette:Register
JavaScript warning: https://cdn.intergient.com/pageos/1.5.16/videoCard.1451368a7b5e945a3252.js, line 1: WebGL warning: <Create>: Can't use WebGL in headless mode (https://bugzil.la/1375585).
JavaScript warning: https://cdn.intergient.com/pageos/1.5.16/videoCard.1451368a7b5e945a3252.js, line 1: Failed to create WebGL context: WebGL creation failed: 
* Can't use WebGL in headless mode (https://bugzil.la/1375585).
JavaScript warning: https://cdn.intergient.com/pageos/1.5.16/videoCard.1451368a7b5e945a3252.js, line 1: WebGL warning: <Create>: Can't use WebGL in headless mode (https://bugzil.la/1375585).
JavaScript warning: https://cdn.intergient.com/pageos/1.5.16/videoCard.1451368a7b5e945a3252.js, line 1: Failed to create WebGL context: WebGL creation failed: 
* Can't use WebGL in headless mode (https://bugzil.la/1375585).
JavaScript warning: https://z.moatads.com/playwireprebidheader597261727146/moatheader.js, line 178: WebGL warning: <Create>: Can't use WebGL in headless mode (https://bugzil.la/1375585).
JavaScript warning: https://z.moatads.com/playwireprebidheader597261727146/moatheader.js, line 178: Failed to create WebGL context: WebGL creation failed: 
* Can't use WebGL in headless mode (https://bugzil.la/1375585).
JavaScript warning: https://z.moatads.com/playwireprebidheader597261727146/moatheader.js, line 178: WebGL warning: <Create>: Can't use WebGL in headless mode (https://bugzil.la/1375585).
JavaScript warning: https://z.moatads.com/playwireprebidheader597261727146/moatheader.js, line 178: Failed to create WebGL context: WebGL creation failed: 
* Can't use WebGL in headless mode (https://bugzil.la/1375585).
1613413768630	geckodriver	INFO	Listening on 127.0.0.1:40899
1613413768636	mozrunner::runner	INFO	Running command: "/usr/bin/firefox" "--marionette" "--headless" "-foreground" "-no-remote" "-profile" "/tmp/rust_mozprofileap2k7a"
*** You are running in headless mode.
console.warn: SearchSettings: "get: No settings file exists, new profile?" (new Error("", "(unknown module)"))
console.warn: SearchSettings: "get: No settings file exists, new profile?" (new Error("", "(unknown module)"))
1613413770415	Marionette	INFO	Listening on port 34937
1613413770468	Marionette	WARN	TLS certificate errors will be ignored for this session
1613413770487	Marionette	ERROR	[15] No reply from Marionette:Register
JavaScript warning: https://cdn.intergient.com/pageos/1.5.16/videoCard.1451368a7b5e945a3252.js, line 1: WebGL warning: <Create>: Can't use WebGL in headless mode (https://bugzil.la/1375585).
JavaScript warning: https://cdn.intergient.com/pageos/1.5.16/videoCard.1451368a7b5e945a3252.js, line 1: Failed to create WebGL context: WebGL creation failed: 
* Can't use WebGL in headless mode (https://bugzil.la/1375585).
JavaScript warning: https://cdn.intergient.com/pageos/1.5.16/videoCard.1451368a7b5e945a3252.js, line 1: WebGL warning: <Create>: Can't use WebGL in headless mode (https://bugzil.la/1375585).
JavaScript warning: https://cdn.intergient.com/pageos/1.5.16/videoCard.1451368a7b5e945a3252.js, line 1: Failed to create WebGL context: WebGL creation failed: 
* Can't use WebGL in headless mode (https://bugzil.la/1375585).
JavaScript warning: https://z.moatads.com/playwireprebidheader597261727146/moatheader.js, line 178: WebGL warning: <Create>: Can't use WebGL in headless mode (https://bugzil.la/1375585).
JavaScript warning: https://z.moatads.com/playwireprebidheader597261727146/moatheader.js, line 178: Failed to create WebGL context: WebGL creation failed: 
* Can't use WebGL in headless mode (https://bugzil.la/1375585).
JavaScript warning: https://z.moatads.com/playwireprebidheader597261727146/moatheader.js, line 178: WebGL warning: <Create>: Can't use WebGL in headless mode (https://bugzil.la/1375585).
JavaScript warning: https://z.moatads.com/playwireprebidheader597261727146/moatheader.js, line 178: Failed to create WebGL context: WebGL creation failed: 
* Can't use WebGL in headless mode (https://bugzil.la/1375585).
console.log: WebExtensions: reset-default-search: No addons in our list are installed.
console.log: WebExtensions: reset-default-search: No addons in our list are installed.
console.log: WebExtensions: reset-default-search: No addons in our list are installed.
console.log: WebExtensions: reset-default-search: No addons in our list are installed.
1613414607085	geckodriver	INFO	Listening on 127.0.0.1:47095
1613414608090	mozrunner::runner	INFO	Running command: "/usr/bin/firefox" "--marionette" "--headless" "-foreground" "-no-remote" "-profile" "/tmp/rust_mozprofileCVTmem"
*** You are running in headless mode.
console.warn: SearchSettings: "get: No settings file exists, new profile?" (new Error("", "(unknown module)"))
console.warn: SearchSettings: "get: No settings file exists, new profile?" (new Error("", "(unknown module)"))
1613414610337	Marionette	INFO	Listening on port 32863
1613414610433	Marionette	WARN	TLS certificate errors will be ignored for this session
1613414610454	Marionette	ERROR	[15] No reply from Marionette:Register
JavaScript warning: https://cdn.intergient.com/pageos/1.5.16/videoCard.1451368a7b5e945a3252.js, line 1: WebGL warning: <Create>: Can't use WebGL in headless mode (https://bugzil.la/1375585).
JavaScript warning: https://cdn.intergient.com/pageos/1.5.16/videoCard.1451368a7b5e945a3252.js, line 1: Failed to create WebGL context: WebGL creation failed: 
* Can't use WebGL in headless mode (https://bugzil.la/1375585).
JavaScript warning: https://cdn.intergient.com/pageos/1.5.16/videoCard.1451368a7b5e945a3252.js, line 1: WebGL warning: <Create>: Can't use WebGL in headless mode (https://bugzil.la/1375585).
JavaScript warning: https://cdn.intergient.com/pageos/1.5.16/videoCard.1451368a7b5e945a3252.js, line 1: Failed to create WebGL context: WebGL creation failed: 
* Can't use WebGL in headless mode (https://bugzil.la/1375585).
JavaScript warning: https://z.moatads.com/playwireprebidheader597261727146/moatheader.js, line 178: WebGL warning: <Create>: Can't use WebGL in headless mode (https://bugzil.la/1375585).
JavaScript warning: https://z.moatads.com/playwireprebidheader597261727146/moatheader.js, line 178: Failed to create WebGL context: WebGL creation failed: 
* Can't use WebGL in headless mode (https://bugzil.la/1375585).
JavaScript warning: https://z.moatads.com/playwireprebidheader597261727146/moatheader.js, line 178: WebGL warning: <Create>: Can't use WebGL in headless mode (https://bugzil.la/1375585).
JavaScript warning: https://z.moatads.com/playwireprebidheader597261727146/moatheader.js, line 178: Failed to create WebGL context: WebGL creation failed: 
* Can't use WebGL in headless mode (https://bugzil.la/1375585).
1613414680374	geckodriver	INFO	Listening on 127.0.0.1:37089
1613414680383	mozrunner::runner	INFO	Running command: "/usr/bin/firefox" "--marionette" "--headless" "-foreground" "-no-remote" "-profile" "/tmp/rust_mozprofileUgkba5"
*** You are running in headless mode.
console.warn: SearchSettings: "get: No settings file exists, new profile?" (new Error("", "(unknown module)"))
console.warn: SearchSettings: "get: No settings file exists, new profile?" (new Error("", "(unknown module)"))
1613414682361	Marionette	INFO	Listening on port 35255
1613414682429	Marionette	WARN	TLS certificate errors will be ignored for this session
1613414682456	Marionette	ERROR	[15] No reply from Marionette:Register
JavaScript warning: https://cdn.intergient.com/pageos/1.5.16/videoCard.1451368a7b5e945a3252.js, line 1: WebGL warning: <Create>: Can't use WebGL in headless mode (https://bugzil.la/1375585).
JavaScript warning: https://cdn.intergient.com/pageos/1.5.16/videoCard.1451368a7b5e945a3252.js, line 1: Failed to create WebGL context: WebGL creation failed: 
* Can't use WebGL in headless mode (https://bugzil.la/1375585).
JavaScript warning: https://cdn.intergient.com/pageos/1.5.16/videoCard.1451368a7b5e945a3252.js, line 1: WebGL warning: <Create>: Can't use WebGL in headless mode (https://bugzil.la/1375585).
JavaScript warning: https://cdn.intergient.com/pageos/1.5.16/videoCard.1451368a7b5e945a3252.js, line 1: Failed to create WebGL context: WebGL creation failed: 
* Can't use WebGL in headless mode (https://bugzil.la/1375585).
JavaScript warning: https://z.moatads.com/playwireprebidheader597261727146/moatheader.js, line 178: WebGL warning: <Create>: Can't use WebGL in headless mode (https://bugzil.la/1375585).
JavaScript warning: https://z.moatads.com/playwireprebidheader597261727146/moatheader.js, line 178: Failed to create WebGL context: WebGL creation failed: 
* Can't use WebGL in headless mode (https://bugzil.la/1375585).
JavaScript warning: https://z.moatads.com/playwireprebidheader597261727146/moatheader.js, line 178: WebGL warning: <Create>: Can't use WebGL in headless mode (https://bugzil.la/1375585).
JavaScript warning: https://z.moatads.com/playwireprebidheader597261727146/moatheader.js, line 178: Failed to create WebGL context: WebGL creation failed: 
* Can't use WebGL in headless mode (https://bugzil.la/1375585).
1613414693741	geckodriver	INFO	Listening on 127.0.0.1:37039
1613414693748	mozrunner::runner	INFO	Running command: "/usr/bin/firefox" "--marionette" "--headless" "-foreground" "-no-remote" "-profile" "/tmp/rust_mozprofilecSW9U1"
*** You are running in headless mode.
console.warn: SearchSettings: "get: No settings file exists, new profile?" (new Error("", "(unknown module)"))
console.warn: SearchSettings: "get: No settings file exists, new profile?" (new Error("", "(unknown module)"))
1613414696099	Marionette	INFO	Listening on port 44353
1613414696188	Marionette	WARN	TLS certificate errors will be ignored for this session
1613414696208	Marionette	ERROR	[15] No reply from Marionette:Register
JavaScript warning: https://z.moatads.com/playwireprebidheader597261727146/moatheader.js, line 178: WebGL warning: <Create>: Can't use WebGL in headless mode (https://bugzil.la/1375585).
JavaScript warning: https://z.moatads.com/playwireprebidheader597261727146/moatheader.js, line 178: Failed to create WebGL context: WebGL creation failed: 
* Can't use WebGL in headless mode (https://bugzil.la/1375585).
JavaScript warning: https://z.moatads.com/playwireprebidheader597261727146/moatheader.js, line 178: WebGL warning: <Create>: Can't use WebGL in headless mode (https://bugzil.la/1375585).
JavaScript warning: https://z.moatads.com/playwireprebidheader597261727146/moatheader.js, line 178: Failed to create WebGL context: WebGL creation failed: 
* Can't use WebGL in headless mode (https://bugzil.la/1375585).
JavaScript warning: https://cdn.intergient.com/pageos/1.5.16/videoCard.1451368a7b5e945a3252.js, line 1: WebGL warning: <Create>: Can't use WebGL in headless mode (https://bugzil.la/1375585).
JavaScript warning: https://cdn.intergient.com/pageos/1.5.16/videoCard.1451368a7b5e945a3252.js, line 1: Failed to create WebGL context: WebGL creation failed: 
* Can't use WebGL in headless mode (https://bugzil.la/1375585).
JavaScript warning: https://cdn.intergient.com/pageos/1.5.16/videoCard.1451368a7b5e945a3252.js, line 1: WebGL warning: <Create>: Can't use WebGL in headless mode (https://bugzil.la/1375585).
JavaScript warning: https://cdn.intergient.com/pageos/1.5.16/videoCard.1451368a7b5e945a3252.js, line 1: Failed to create WebGL context: WebGL creation failed: 
* Can't use WebGL in headless mode (https://bugzil.la/1375585).
1613414703844	geckodriver	INFO	Listening on 127.0.0.1:52781
1613414703854	mozrunner::runner	INFO	Running command: "/usr/bin/firefox" "--marionette" "--headless" "-foreground" "-no-remote" "-profile" "/tmp/rust_mozprofilevY1trn"
*** You are running in headless mode.
console.warn: SearchSettings: "get: No settings file exists, new profile?" (new Error("", "(unknown module)"))
console.warn: SearchSettings: "get: No settings file exists, new profile?" (new Error("", "(unknown module)"))
1613414706381	Marionette	INFO	Listening on port 42503
1613414706489	Marionette	WARN	TLS certificate errors will be ignored for this session
1613414706505	Marionette	ERROR	[15] No reply from Marionette:Register
JavaScript warning: https://cdn.intergient.com/pageos/1.5.16/videoCard.1451368a7b5e945a3252.js, line 1: WebGL warning: <Create>: Can't use WebGL in headless mode (https://bugzil.la/1375585).
JavaScript warning: https://cdn.intergient.com/pageos/1.5.16/videoCard.1451368a7b5e945a3252.js, line 1: Failed to create WebGL context: WebGL creation failed: 
* Can't use WebGL in headless mode (https://bugzil.la/1375585).
JavaScript warning: https://cdn.intergient.com/pageos/1.5.16/videoCard.1451368a7b5e945a3252.js, line 1: WebGL warning: <Create>: Can't use WebGL in headless mode (https://bugzil.la/1375585).
JavaScript warning: https://cdn.intergient.com/pageos/1.5.16/videoCard.1451368a7b5e945a3252.js, line 1: Failed to create WebGL context: WebGL creation failed: 
* Can't use WebGL in headless mode (https://bugzil.la/1375585).
JavaScript warning: https://z.moatads.com/playwireprebidheader597261727146/moatheader.js, line 178: WebGL warning: <Create>: Can't use WebGL in headless mode (https://bugzil.la/1375585).
JavaScript warning: https://z.moatads.com/playwireprebidheader597261727146/moatheader.js, line 178: Failed to create WebGL context: WebGL creation failed: 
* Can't use WebGL in headless mode (https://bugzil.la/1375585).
JavaScript warning: https://z.moatads.com/playwireprebidheader597261727146/moatheader.js, line 178: WebGL warning: <Create>: Can't use WebGL in headless mode (https://bugzil.la/1375585).
JavaScript warning: https://z.moatads.com/playwireprebidheader597261727146/moatheader.js, line 178: Failed to create WebGL context: WebGL creation failed: 
* Can't use WebGL in headless mode (https://bugzil.la/1375585).
1613414724995	geckodriver	INFO	Listening on 127.0.0.1:55325
1613414726001	mozrunner::runner	INFO	Running command: "/usr/bin/firefox" "--marionette" "--headless" "-foreground" "-no-remote" "-profile" "/tmp/rust_mozprofileIQsh5q"
*** You are running in headless mode.
console.warn: SearchSettings: "get: No settings file exists, new profile?" (new Error("", "(unknown module)"))
console.warn: SearchSettings: "get: No settings file exists, new profile?" (new Error("", "(unknown module)"))
1613414728427	Marionette	INFO	Listening on port 36215
1613414728539	Marionette	WARN	TLS certificate errors will be ignored for this session
1613414728562	Marionette	ERROR	[15] No reply from Marionette:Register
JavaScript warning: https://cdn.intergient.com/pageos/1.5.16/videoCard.1451368a7b5e945a3252.js, line 1: WebGL warning: <Create>: Can't use WebGL in headless mode (https://bugzil.la/1375585).
JavaScript warning: https://cdn.intergient.com/pageos/1.5.16/videoCard.1451368a7b5e945a3252.js, line 1: Failed to create WebGL context: WebGL creation failed: 
* Can't use WebGL in headless mode (https://bugzil.la/1375585).
JavaScript warning: https://cdn.intergient.com/pageos/1.5.16/videoCard.1451368a7b5e945a3252.js, line 1: WebGL warning: <Create>: Can't use WebGL in headless mode (https://bugzil.la/1375585).
JavaScript warning: https://cdn.intergient.com/pageos/1.5.16/videoCard.1451368a7b5e945a3252.js, line 1: Failed to create WebGL context: WebGL creation failed: 
* Can't use WebGL in headless mode (https://bugzil.la/1375585).
JavaScript warning: https://z.moatads.com/playwireprebidheader597261727146/moatheader.js, line 178: WebGL warning: <Create>: Can't use WebGL in headless mode (https://bugzil.la/1375585).
JavaScript warning: https://z.moatads.com/playwireprebidheader597261727146/moatheader.js, line 178: Failed to create WebGL context: WebGL creation failed: 
* Can't use WebGL in headless mode (https://bugzil.la/1375585).
JavaScript warning: https://z.moatads.com/playwireprebidheader597261727146/moatheader.js, line 178: WebGL warning: <Create>: Can't use WebGL in headless mode (https://bugzil.la/1375585).
JavaScript warning: https://z.moatads.com/playwireprebidheader597261727146/moatheader.js, line 178: Failed to create WebGL context: WebGL creation failed: 
* Can't use WebGL in headless mode (https://bugzil.la/1375585).
1613414821705	geckodriver	INFO	Listening on 127.0.0.1:45971
1613414821715	mozrunner::runner	INFO	Running command: "/usr/bin/firefox" "--marionette" "--headless" "-foreground" "-no-remote" "-profile" "/tmp/rust_mozprofilesC7EDE"
*** You are running in headless mode.
console.warn: SearchSettings: "get: No settings file exists, new profile?" (new Error("", "(unknown module)"))
console.warn: SearchSettings: "get: No settings file exists, new profile?" (new Error("", "(unknown module)"))
1613414824690	Marionette	INFO	Listening on port 43901
1613414824786	Marionette	WARN	TLS certificate errors will be ignored for this session
1613414824814	Marionette	ERROR	[15] No reply from Marionette:Register
JavaScript warning: https://cdn.intergient.com/pageos/1.5.16/videoCard.1451368a7b5e945a3252.js, line 1: WebGL warning: <Create>: Can't use WebGL in headless mode (https://bugzil.la/1375585).
JavaScript warning: https://cdn.intergient.com/pageos/1.5.16/videoCard.1451368a7b5e945a3252.js, line 1: Failed to create WebGL context: WebGL creation failed: 
* Can't use WebGL in headless mode (https://bugzil.la/1375585).
JavaScript warning: https://cdn.intergient.com/pageos/1.5.16/videoCard.1451368a7b5e945a3252.js, line 1: WebGL warning: <Create>: Can't use WebGL in headless mode (https://bugzil.la/1375585).
JavaScript warning: https://cdn.intergient.com/pageos/1.5.16/videoCard.1451368a7b5e945a3252.js, line 1: Failed to create WebGL context: WebGL creation failed: 
* Can't use WebGL in headless mode (https://bugzil.la/1375585).
JavaScript warning: https://z.moatads.com/playwireprebidheader597261727146/moatheader.js, line 178: WebGL warning: <Create>: Can't use WebGL in headless mode (https://bugzil.la/1375585).
JavaScript warning: https://z.moatads.com/playwireprebidheader597261727146/moatheader.js, line 178: Failed to create WebGL context: WebGL creation failed: 
* Can't use WebGL in headless mode (https://bugzil.la/1375585).
JavaScript warning: https://z.moatads.com/playwireprebidheader597261727146/moatheader.js, line 178: WebGL warning: <Create>: Can't use WebGL in headless mode (https://bugzil.la/1375585).
JavaScript warning: https://z.moatads.com/playwireprebidheader597261727146/moatheader.js, line 178: Failed to create WebGL context: WebGL creation failed: 
* Can't use WebGL in headless mode (https://bugzil.la/1375585).
1613414852384	geckodriver	INFO	Listening on 127.0.0.1:55789
1613414853389	mozrunner::runner	INFO	Running command: "/usr/bin/firefox" "--marionette" "--headless" "-foreground" "-no-remote" "-profile" "/tmp/rust_mozprofilenQBCuh"
*** You are running in headless mode.
console.warn: SearchSettings: "get: No settings file exists, new profile?" (new Error("", "(unknown module)"))
console.warn: SearchSettings: "get: No settings file exists, new profile?" (new Error("", "(unknown module)"))
1613414856071	Marionette	INFO	Listening on port 35141
1613414856127	Marionette	WARN	TLS certificate errors will be ignored for this session
1613414856147	Marionette	ERROR	[15] No reply from Marionette:Register
JavaScript warning: https://cdn.intergient.com/pageos/1.5.16/videoCard.1451368a7b5e945a3252.js, line 1: WebGL warning: <Create>: Can't use WebGL in headless mode (https://bugzil.la/1375585).
JavaScript warning: https://cdn.intergient.com/pageos/1.5.16/videoCard.1451368a7b5e945a3252.js, line 1: Failed to create WebGL context: WebGL creation failed: 
* Can't use WebGL in headless mode (https://bugzil.la/1375585).
JavaScript warning: https://cdn.intergient.com/pageos/1.5.16/videoCard.1451368a7b5e945a3252.js, line 1: WebGL warning: <Create>: Can't use WebGL in headless mode (https://bugzil.la/1375585).
JavaScript warning: https://cdn.intergient.com/pageos/1.5.16/videoCard.1451368a7b5e945a3252.js, line 1: Failed to create WebGL context: WebGL creation failed: 
* Can't use WebGL in headless mode (https://bugzil.la/1375585).
JavaScript warning: https://z.moatads.com/playwireprebidheader597261727146/moatheader.js, line 178: WebGL warning: <Create>: Can't use WebGL in headless mode (https://bugzil.la/1375585).
JavaScript warning: https://z.moatads.com/playwireprebidheader597261727146/moatheader.js, line 178: Failed to create WebGL context: WebGL creation failed: 
* Can't use WebGL in headless mode (https://bugzil.la/1375585).
JavaScript warning: https://z.moatads.com/playwireprebidheader597261727146/moatheader.js, line 178: WebGL warning: <Create>: Can't use WebGL in headless mode (https://bugzil.la/1375585).
JavaScript warning: https://z.moatads.com/playwireprebidheader597261727146/moatheader.js, line 178: Failed to create WebGL context: WebGL creation failed: 
* Can't use WebGL in headless mode (https://bugzil.la/1375585).
console.log: WebExtensions: reset-default-search: No addons in our list are installed.
console.log: WebExtensions: reset-default-search: No addons in our list are installed.
console.log: WebExtensions: reset-default-search: No addons in our list are installed.
console.log: WebExtensions: reset-default-search: No addons in our list are installed.
console.log: WebExtensions: reset-default-search: No addons in our list are installed.
console.log: WebExtensions: reset-default-search: No addons in our list are installed.
console.log: WebExtensions: reset-default-search: No addons in our list are installed.
1613416572411	geckodriver	INFO	Listening on 127.0.0.1:51277
1613416573416	mozrunner::runner	INFO	Running command: "/usr/bin/firefox" "--marionette" "--headless" "-foreground" "-no-remote" "-profile" "/tmp/rust_mozprofilehjrTJG"
*** You are running in headless mode.
console.warn: SearchSettings: "get: No settings file exists, new profile?" (new Error("", "(unknown module)"))
console.warn: SearchSettings: "get: No settings file exists, new profile?" (new Error("", "(unknown module)"))
1613416576175	Marionette	INFO	Listening on port 37671
1613416576271	Marionette	WARN	TLS certificate errors will be ignored for this session
1613416576291	Marionette	ERROR	[15] No reply from Marionette:Register
JavaScript warning: https://cdn.intergient.com/pageos/1.5.16/videoCard.1451368a7b5e945a3252.js, line 1: WebGL warning: <Create>: Can't use WebGL in headless mode (https://bugzil.la/1375585).
JavaScript warning: https://cdn.intergient.com/pageos/1.5.16/videoCard.1451368a7b5e945a3252.js, line 1: Failed to create WebGL context: WebGL creation failed: 
* Can't use WebGL in headless mode (https://bugzil.la/1375585).
JavaScript warning: https://cdn.intergient.com/pageos/1.5.16/videoCard.1451368a7b5e945a3252.js, line 1: WebGL warning: <Create>: Can't use WebGL in headless mode (https://bugzil.la/1375585).
JavaScript warning: https://cdn.intergient.com/pageos/1.5.16/videoCard.1451368a7b5e945a3252.js, line 1: Failed to create WebGL context: WebGL creation failed: 
* Can't use WebGL in headless mode (https://bugzil.la/1375585).
JavaScript warning: https://z.moatads.com/playwireprebidheader597261727146/moatheader.js, line 178: WebGL warning: <Create>: Can't use WebGL in headless mode (https://bugzil.la/1375585).
JavaScript warning: https://z.moatads.com/playwireprebidheader597261727146/moatheader.js, line 178: Failed to create WebGL context: WebGL creation failed: 
* Can't use WebGL in headless mode (https://bugzil.la/1375585).
JavaScript warning: https://z.moatads.com/playwireprebidheader597261727146/moatheader.js, line 178: WebGL warning: <Create>: Can't use WebGL in headless mode (https://bugzil.la/1375585).
JavaScript warning: https://z.moatads.com/playwireprebidheader597261727146/moatheader.js, line 178: Failed to create WebGL context: WebGL creation failed: 
* Can't use WebGL in headless mode (https://bugzil.la/1375585).
1613416610983	geckodriver	INFO	Listening on 127.0.0.1:53401
1613416610993	mozrunner::runner	INFO	Running command: "/usr/bin/firefox" "--marionette" "--headless" "-foreground" "-no-remote" "-profile" "/tmp/rust_mozprofile4ZJWSX"
*** You are running in headless mode.
console.warn: SearchSettings: "get: No settings file exists, new profile?" (new Error("", "(unknown module)"))
console.warn: SearchSettings: "get: No settings file exists, new profile?" (new Error("", "(unknown module)"))
1613416613796	Marionette	INFO	Listening on port 36319
1613416613841	Marionette	WARN	TLS certificate errors will be ignored for this session
1613416613861	Marionette	ERROR	[15] No reply from Marionette:Register
JavaScript warning: https://cdn.intergient.com/pageos/1.5.16/videoCard.1451368a7b5e945a3252.js, line 1: WebGL warning: <Create>: Can't use WebGL in headless mode (https://bugzil.la/1375585).
JavaScript warning: https://cdn.intergient.com/pageos/1.5.16/videoCard.1451368a7b5e945a3252.js, line 1: Failed to create WebGL context: WebGL creation failed: 
* Can't use WebGL in headless mode (https://bugzil.la/1375585).
JavaScript warning: https://cdn.intergient.com/pageos/1.5.16/videoCard.1451368a7b5e945a3252.js, line 1: WebGL warning: <Create>: Can't use WebGL in headless mode (https://bugzil.la/1375585).
JavaScript warning: https://cdn.intergient.com/pageos/1.5.16/videoCard.1451368a7b5e945a3252.js, line 1: Failed to create WebGL context: WebGL creation failed: 
* Can't use WebGL in headless mode (https://bugzil.la/1375585).
JavaScript warning: https://z.moatads.com/playwireprebidheader597261727146/moatheader.js, line 178: WebGL warning: <Create>: Can't use WebGL in headless mode (https://bugzil.la/1375585).
JavaScript warning: https://z.moatads.com/playwireprebidheader597261727146/moatheader.js, line 178: Failed to create WebGL context: WebGL creation failed: 
* Can't use WebGL in headless mode (https://bugzil.la/1375585).
JavaScript warning: https://z.moatads.com/playwireprebidheader597261727146/moatheader.js, line 178: WebGL warning: <Create>: Can't use WebGL in headless mode (https://bugzil.la/1375585).
JavaScript warning: https://z.moatads.com/playwireprebidheader597261727146/moatheader.js, line 178: Failed to create WebGL context: WebGL creation failed: 
* Can't use WebGL in headless mode (https://bugzil.la/1375585).
1613416649702	geckodriver	INFO	Listening on 127.0.0.1:49201
1613416649714	mozrunner::runner	INFO	Running command: "/usr/bin/firefox" "--marionette" "--headless" "-foreground" "-no-remote" "-profile" "/tmp/rust_mozprofilegmUfwD"
*** You are running in headless mode.
console.warn: SearchSettings: "get: No settings file exists, new profile?" (new Error("", "(unknown module)"))
console.warn: SearchSettings: "get: No settings file exists, new profile?" (new Error("", "(unknown module)"))
1613416652603	Marionette	INFO	Listening on port 40081
1613416652718	Marionette	WARN	TLS certificate errors will be ignored for this session
1613416652751	Marionette	ERROR	[15] No reply from Marionette:Register
JavaScript warning: https://cdn.intergient.com/pageos/1.5.16/videoCard.1451368a7b5e945a3252.js, line 1: WebGL warning: <Create>: Can't use WebGL in headless mode (https://bugzil.la/1375585).
JavaScript warning: https://cdn.intergient.com/pageos/1.5.16/videoCard.1451368a7b5e945a3252.js, line 1: Failed to create WebGL context: WebGL creation failed: 
* Can't use WebGL in headless mode (https://bugzil.la/1375585).
JavaScript warning: https://cdn.intergient.com/pageos/1.5.16/videoCard.1451368a7b5e945a3252.js, line 1: WebGL warning: <Create>: Can't use WebGL in headless mode (https://bugzil.la/1375585).
JavaScript warning: https://cdn.intergient.com/pageos/1.5.16/videoCard.1451368a7b5e945a3252.js, line 1: Failed to create WebGL context: WebGL creation failed: 
* Can't use WebGL in headless mode (https://bugzil.la/1375585).
JavaScript warning: https://z.moatads.com/playwireprebidheader597261727146/moatheader.js, line 178: WebGL warning: <Create>: Can't use WebGL in headless mode (https://bugzil.la/1375585).
JavaScript warning: https://z.moatads.com/playwireprebidheader597261727146/moatheader.js, line 178: Failed to create WebGL context: WebGL creation failed: 
* Can't use WebGL in headless mode (https://bugzil.la/1375585).
JavaScript warning: https://z.moatads.com/playwireprebidheader597261727146/moatheader.js, line 178: WebGL warning: <Create>: Can't use WebGL in headless mode (https://bugzil.la/1375585).
JavaScript warning: https://z.moatads.com/playwireprebidheader597261727146/moatheader.js, line 178: Failed to create WebGL context: WebGL creation failed: 
* Can't use WebGL in headless mode (https://bugzil.la/1375585).
1613416676318	geckodriver	INFO	Listening on 127.0.0.1:60041
1613416676326	mozrunner::runner	INFO	Running command: "/usr/bin/firefox" "--marionette" "--headless" "-foreground" "-no-remote" "-profile" "/tmp/rust_mozprofilekaWLFH"
*** You are running in headless mode.
console.warn: SearchSettings: "get: No settings file exists, new profile?" (new Error("", "(unknown module)"))
console.warn: SearchSettings: "get: No settings file exists, new profile?" (new Error("", "(unknown module)"))
1613416679247	Marionette	INFO	Listening on port 34783
1613416679427	Marionette	WARN	TLS certificate errors will be ignored for this session
1613416679451	Marionette	ERROR	[15] No reply from Marionette:Register
JavaScript warning: https://cdn.intergient.com/pageos/1.5.16/videoCard.1451368a7b5e945a3252.js, line 1: WebGL warning: <Create>: Can't use WebGL in headless mode (https://bugzil.la/1375585).
JavaScript warning: https://cdn.intergient.com/pageos/1.5.16/videoCard.1451368a7b5e945a3252.js, line 1: Failed to create WebGL context: WebGL creation failed: 
* Can't use WebGL in headless mode (https://bugzil.la/1375585).
JavaScript warning: https://cdn.intergient.com/pageos/1.5.16/videoCard.1451368a7b5e945a3252.js, line 1: WebGL warning: <Create>: Can't use WebGL in headless mode (https://bugzil.la/1375585).
JavaScript warning: https://cdn.intergient.com/pageos/1.5.16/videoCard.1451368a7b5e945a3252.js, line 1: Failed to create WebGL context: WebGL creation failed: 
* Can't use WebGL in headless mode (https://bugzil.la/1375585).
JavaScript warning: https://z.moatads.com/playwireprebidheader597261727146/moatheader.js, line 178: WebGL warning: <Create>: Can't use WebGL in headless mode (https://bugzil.la/1375585).
JavaScript warning: https://z.moatads.com/playwireprebidheader597261727146/moatheader.js, line 178: Failed to create WebGL context: WebGL creation failed: 
* Can't use WebGL in headless mode (https://bugzil.la/1375585).
JavaScript warning: https://z.moatads.com/playwireprebidheader597261727146/moatheader.js, line 178: WebGL warning: <Create>: Can't use WebGL in headless mode (https://bugzil.la/1375585).
JavaScript warning: https://z.moatads.com/playwireprebidheader597261727146/moatheader.js, line 178: Failed to create WebGL context: WebGL creation failed: 
* Can't use WebGL in headless mode (https://bugzil.la/1375585).
1613416697546	geckodriver	INFO	Listening on 127.0.0.1:48611
1613416697557	mozrunner::runner	INFO	Running command: "/usr/bin/firefox" "--marionette" "--headless" "-foreground" "-no-remote" "-profile" "/tmp/rust_mozprofileHidvYV"
*** You are running in headless mode.
console.warn: SearchSettings: "get: No settings file exists, new profile?" (new Error("", "(unknown module)"))
console.warn: SearchSettings: "get: No settings file exists, new profile?" (new Error("", "(unknown module)"))
1613416700541	Marionette	INFO	Listening on port 37941
1613416700600	Marionette	WARN	TLS certificate errors will be ignored for this session
1613416700621	Marionette	ERROR	[15] No reply from Marionette:Register
JavaScript warning: https://cdn.intergient.com/pageos/1.5.16/videoCard.1451368a7b5e945a3252.js, line 1: WebGL warning: <Create>: Can't use WebGL in headless mode (https://bugzil.la/1375585).
JavaScript warning: https://cdn.intergient.com/pageos/1.5.16/videoCard.1451368a7b5e945a3252.js, line 1: Failed to create WebGL context: WebGL creation failed: 
* Can't use WebGL in headless mode (https://bugzil.la/1375585).
JavaScript warning: https://cdn.intergient.com/pageos/1.5.16/videoCard.1451368a7b5e945a3252.js, line 1: WebGL warning: <Create>: Can't use WebGL in headless mode (https://bugzil.la/1375585).
JavaScript warning: https://cdn.intergient.com/pageos/1.5.16/videoCard.1451368a7b5e945a3252.js, line 1: Failed to create WebGL context: WebGL creation failed: 
* Can't use WebGL in headless mode (https://bugzil.la/1375585).
JavaScript warning: https://z.moatads.com/playwireprebidheader597261727146/moatheader.js, line 178: WebGL warning: <Create>: Can't use WebGL in headless mode (https://bugzil.la/1375585).
JavaScript warning: https://z.moatads.com/playwireprebidheader597261727146/moatheader.js, line 178: Failed to create WebGL context: WebGL creation failed: 
* Can't use WebGL in headless mode (https://bugzil.la/1375585).
JavaScript warning: https://z.moatads.com/playwireprebidheader597261727146/moatheader.js, line 178: WebGL warning: <Create>: Can't use WebGL in headless mode (https://bugzil.la/1375585).
JavaScript warning: https://z.moatads.com/playwireprebidheader597261727146/moatheader.js, line 178: Failed to create WebGL context: WebGL creation failed: 
* Can't use WebGL in headless mode (https://bugzil.la/1375585).
console.log: WebExtensions: reset-default-search: No addons in our list are installed.
console.log: WebExtensions: reset-default-search: No addons in our list are installed.
console.log: WebExtensions: reset-default-search: No addons in our list are installed.
console.log: WebExtensions: reset-default-search: No addons in our list are installed.
console.log: WebExtensions: reset-default-search: No addons in our list are installed.
1613421138906	geckodriver	INFO	Listening on 127.0.0.1:55851
1613421139903	mozrunner::runner	INFO	Running command: "/usr/bin/firefox" "--marionette" "--headless" "-foreground" "-no-remote" "-profile" "/tmp/rust_mozprofilemFOCqZ"
*** You are running in headless mode.
console.warn: SearchSettings: "get: No settings file exists, new profile?" (new Error("", "(unknown module)"))
console.warn: SearchSettings: "get: No settings file exists, new profile?" (new Error("", "(unknown module)"))
1613421145400	Marionette	INFO	Listening on port 44597
1613421145463	Marionette	WARN	TLS certificate errors will be ignored for this session
1613421145487	Marionette	ERROR	[15] No reply from Marionette:Register
1613421167524	geckodriver	INFO	Listening on 127.0.0.1:57403
1613421168528	mozrunner::runner	INFO	Running command: "/usr/bin/firefox" "--marionette" "--headless" "-foreground" "-no-remote" "-profile" "/tmp/rust_mozprofileJiNWwr"
*** You are running in headless mode.
console.warn: SearchSettings: "get: No settings file exists, new profile?" (new Error("", "(unknown module)"))
console.warn: SearchSettings: "get: No settings file exists, new profile?" (new Error("", "(unknown module)"))
1613421172772	Marionette	INFO	Listening on port 43877
1613421172925	Marionette	WARN	TLS certificate errors will be ignored for this session
1613421172957	Marionette	ERROR	[15] No reply from Marionette:Register
JavaScript warning: https://cdn.intergient.com/pageos/1.5.16/videoCard.1451368a7b5e945a3252.js, line 1: WebGL warning: <Create>: Can't use WebGL in headless mode (https://bugzil.la/1375585).
JavaScript warning: https://cdn.intergient.com/pageos/1.5.16/videoCard.1451368a7b5e945a3252.js, line 1: Failed to create WebGL context: WebGL creation failed: 
* Can't use WebGL in headless mode (https://bugzil.la/1375585).
JavaScript warning: https://cdn.intergient.com/pageos/1.5.16/videoCard.1451368a7b5e945a3252.js, line 1: WebGL warning: <Create>: Can't use WebGL in headless mode (https://bugzil.la/1375585).
JavaScript warning: https://cdn.intergient.com/pageos/1.5.16/videoCard.1451368a7b5e945a3252.js, line 1: Failed to create WebGL context: WebGL creation failed: 
* Can't use WebGL in headless mode (https://bugzil.la/1375585).
JavaScript warning: https://z.moatads.com/playwireprebidheader597261727146/moatheader.js, line 178: WebGL warning: <Create>: Can't use WebGL in headless mode (https://bugzil.la/1375585).
JavaScript warning: https://z.moatads.com/playwireprebidheader597261727146/moatheader.js, line 178: Failed to create WebGL context: WebGL creation failed: 
* Can't use WebGL in headless mode (https://bugzil.la/1375585).
JavaScript warning: https://z.moatads.com/playwireprebidheader597261727146/moatheader.js, line 178: WebGL warning: <Create>: Can't use WebGL in headless mode (https://bugzil.la/1375585).
JavaScript warning: https://z.moatads.com/playwireprebidheader597261727146/moatheader.js, line 178: Failed to create WebGL context: WebGL creation failed: 
* Can't use WebGL in headless mode (https://bugzil.la/1375585).
1613421286492	geckodriver	INFO	Listening on 127.0.0.1:35411
1613421287460	mozrunner::runner	INFO	Running command: "/usr/bin/firefox" "--marionette" "--headless" "-foreground" "-no-remote" "-profile" "/tmp/rust_mozprofilew7xqvP"
*** You are running in headless mode.
console.warn: SearchSettings: "get: No settings file exists, new profile?" (new Error("", "(unknown module)"))
console.warn: SearchSettings: "get: No settings file exists, new profile?" (new Error("", "(unknown module)"))
1613421291832	Marionette	INFO	Listening on port 39647
1613421291917	Marionette	WARN	TLS certificate errors will be ignored for this session
1613421291945	Marionette	ERROR	[15] No reply from Marionette:Register
JavaScript warning: https://cdn.intergient.com/pageos/1.5.16/videoCard.1451368a7b5e945a3252.js, line 1: WebGL warning: <Create>: Can't use WebGL in headless mode (https://bugzil.la/1375585).
JavaScript warning: https://cdn.intergient.com/pageos/1.5.16/videoCard.1451368a7b5e945a3252.js, line 1: Failed to create WebGL context: WebGL creation failed: 
* Can't use WebGL in headless mode (https://bugzil.la/1375585).
JavaScript warning: https://cdn.intergient.com/pageos/1.5.16/videoCard.1451368a7b5e945a3252.js, line 1: WebGL warning: <Create>: Can't use WebGL in headless mode (https://bugzil.la/1375585).
JavaScript warning: https://cdn.intergient.com/pageos/1.5.16/videoCard.1451368a7b5e945a3252.js, line 1: Failed to create WebGL context: WebGL creation failed: 
* Can't use WebGL in headless mode (https://bugzil.la/1375585).
JavaScript warning: https://z.moatads.com/playwireprebidheader597261727146/moatheader.js, line 178: WebGL warning: <Create>: Can't use WebGL in headless mode (https://bugzil.la/1375585).
JavaScript warning: https://z.moatads.com/playwireprebidheader597261727146/moatheader.js, line 178: Failed to create WebGL context: WebGL creation failed: 
* Can't use WebGL in headless mode (https://bugzil.la/1375585).
JavaScript warning: https://z.moatads.com/playwireprebidheader597261727146/moatheader.js, line 178: WebGL warning: <Create>: Can't use WebGL in headless mode (https://bugzil.la/1375585).
JavaScript warning: https://z.moatads.com/playwireprebidheader597261727146/moatheader.js, line 178: Failed to create WebGL context: WebGL creation failed: 
* Can't use WebGL in headless mode (https://bugzil.la/1375585).
1613421390125	geckodriver	INFO	Listening on 127.0.0.1:57819
1613421391130	mozrunner::runner	INFO	Running command: "/usr/bin/firefox" "--marionette" "--headless" "-foreground" "-no-remote" "-profile" "/tmp/rust_mozprofileuXenHs"
*** You are running in headless mode.
console.error: Region.jsm: "Error fetching region" (new Error("TIMEOUT", "resource://gre/modules/Region.jsm", 775))
console.error: Region.jsm: "Failed to fetch region" (new Error("TIMEOUT", "resource://gre/modules/Region.jsm", 422))
console.warn: SearchSettings: "get: No settings file exists, new profile?" (new Error("", "(unknown module)"))
1613421441986	Marionette	INFO	Listening on port 42989
1613421447395	Marionette	WARN	TLS certificate errors will be ignored for this session
1613421455053	Marionette	ERROR	[15] No reply from Marionette:Register
1613421616967	geckodriver	INFO	Listening on 127.0.0.1:57717
1613421617966	mozrunner::runner	INFO	Running command: "/usr/bin/firefox" "--marionette" "--headless" "-foreground" "-no-remote" "-profile" "/tmp/rust_mozprofilevVGLfZ"
*** You are running in headless mode.
console.warn: SearchSettings: "get: No settings file exists, new profile?" (new Error("", "(unknown module)"))
console.warn: SearchSettings: "get: No settings file exists, new profile?" (new Error("", "(unknown module)"))
1613421623545	Marionette	INFO	Listening on port 39277
1613421623674	Marionette	WARN	TLS certificate errors will be ignored for this session
1613421623728	Marionette	ERROR	[15] No reply from Marionette:Register
JavaScript warning: https://cdn.intergient.com/pageos/1.5.16/videoCard.1451368a7b5e945a3252.js, line 1: WebGL warning: <Create>: Can't use WebGL in headless mode (https://bugzil.la/1375585).
JavaScript warning: https://cdn.intergient.com/pageos/1.5.16/videoCard.1451368a7b5e945a3252.js, line 1: Failed to create WebGL context: WebGL creation failed: 
* Can't use WebGL in headless mode (https://bugzil.la/1375585).
JavaScript warning: https://cdn.intergient.com/pageos/1.5.16/videoCard.1451368a7b5e945a3252.js, line 1: WebGL warning: <Create>: Can't use WebGL in headless mode (https://bugzil.la/1375585).
JavaScript warning: https://cdn.intergient.com/pageos/1.5.16/videoCard.1451368a7b5e945a3252.js, line 1: Failed to create WebGL context: WebGL creation failed: 
* Can't use WebGL in headless mode (https://bugzil.la/1375585).
JavaScript warning: https://z.moatads.com/playwireprebidheader597261727146/moatheader.js, line 178: WebGL warning: <Create>: Can't use WebGL in headless mode (https://bugzil.la/1375585).
JavaScript warning: https://z.moatads.com/playwireprebidheader597261727146/moatheader.js, line 178: Failed to create WebGL context: WebGL creation failed: 
* Can't use WebGL in headless mode (https://bugzil.la/1375585).
JavaScript warning: https://z.moatads.com/playwireprebidheader597261727146/moatheader.js, line 178: WebGL warning: <Create>: Can't use WebGL in headless mode (https://bugzil.la/1375585).
JavaScript warning: https://z.moatads.com/playwireprebidheader597261727146/moatheader.js, line 178: Failed to create WebGL context: WebGL creation failed: 
* Can't use WebGL in headless mode (https://bugzil.la/1375585).
1613421668896	geckodriver	INFO	Listening on 127.0.0.1:57119
1613421668908	mozrunner::runner	INFO	Running command: "/usr/bin/firefox" "--marionette" "--headless" "-foreground" "-no-remote" "-profile" "/tmp/rust_mozprofile3Iom7y"
*** You are running in headless mode.
console.warn: SearchSettings: "get: No settings file exists, new profile?" (new Error("", "(unknown module)"))
console.warn: SearchSettings: "get: No settings file exists, new profile?" (new Error("", "(unknown module)"))
1613421671395	Marionette	INFO	Listening on port 38457
1613421671527	Marionette	WARN	TLS certificate errors will be ignored for this session
1613421671554	Marionette	ERROR	[15] No reply from Marionette:Register
1613421674240	Marionette	INFO	Stopped listening on port 38457
JavaScript error: , line 0: uncaught exception: Object
1613421741867	geckodriver	INFO	Listening on 127.0.0.1:50661
1613421741870	mozrunner::runner	INFO	Running command: "/usr/bin/firefox" "--marionette" "--headless" "-foreground" "-no-remote" "-profile" "/tmp/rust_mozprofileSJ6fEu"
*** You are running in headless mode.
console.warn: SearchSettings: "get: No settings file exists, new profile?" (new Error("", "(unknown module)"))
1613421743987	Marionette	INFO	Listening on port 40749
1613421744099	Marionette	WARN	TLS certificate errors will be ignored for this session
1613421744117	Marionette	ERROR	[15] No reply from Marionette:Register
console.warn: SearchSettings: "get: No settings file exists, new profile?" (new Error("", "(unknown module)"))
JavaScript warning: https://cdn.intergient.com/pageos/1.5.16/videoCard.1451368a7b5e945a3252.js, line 1: WebGL warning: <Create>: Can't use WebGL in headless mode (https://bugzil.la/1375585).
JavaScript warning: https://cdn.intergient.com/pageos/1.5.16/videoCard.1451368a7b5e945a3252.js, line 1: Failed to create WebGL context: WebGL creation failed: 
* Can't use WebGL in headless mode (https://bugzil.la/1375585).
JavaScript warning: https://cdn.intergient.com/pageos/1.5.16/videoCard.1451368a7b5e945a3252.js, line 1: WebGL warning: <Create>: Can't use WebGL in headless mode (https://bugzil.la/1375585).
JavaScript warning: https://cdn.intergient.com/pageos/1.5.16/videoCard.1451368a7b5e945a3252.js, line 1: Failed to create WebGL context: WebGL creation failed: 
* Can't use WebGL in headless mode (https://bugzil.la/1375585).
1613421747276	Marionette	INFO	Stopped listening on port 40749
[GFX1-]: Receive IPC close with reason=AbnormalShutdown
Exiting due to channel error.
Exiting due to channel error.
Exiting due to channel error.
1613421885514	geckodriver	INFO	Listening on 127.0.0.1:54695
1613421885518	mozrunner::runner	INFO	Running command: "/usr/bin/firefox" "--marionette" "--headless" "-foreground" "-no-remote" "-profile" "/tmp/rust_mozprofileYNDOdU"
*** You are running in headless mode.
console.warn: SearchSettings: "get: No settings file exists, new profile?" (new Error("", "(unknown module)"))
console.warn: SearchSettings: "get: No settings file exists, new profile?" (new Error("", "(unknown module)"))
1613421887577	Marionette	INFO	Listening on port 32899
1613421887659	Marionette	WARN	TLS certificate errors will be ignored for this session
1613421887673	Marionette	ERROR	[15] No reply from Marionette:Register
JavaScript warning: https://cdn.intergient.com/pageos/1.5.16/videoCard.1451368a7b5e945a3252.js, line 1: WebGL warning: <Create>: Can't use WebGL in headless mode (https://bugzil.la/1375585).
JavaScript warning: https://cdn.intergient.com/pageos/1.5.16/videoCard.1451368a7b5e945a3252.js, line 1: Failed to create WebGL context: WebGL creation failed: 
* Can't use WebGL in headless mode (https://bugzil.la/1375585).
JavaScript warning: https://cdn.intergient.com/pageos/1.5.16/videoCard.1451368a7b5e945a3252.js, line 1: WebGL warning: <Create>: Can't use WebGL in headless mode (https://bugzil.la/1375585).
JavaScript warning: https://cdn.intergient.com/pageos/1.5.16/videoCard.1451368a7b5e945a3252.js, line 1: Failed to create WebGL context: WebGL creation failed: 
* Can't use WebGL in headless mode (https://bugzil.la/1375585).
1613421891151	Marionette	INFO	Stopped listening on port 32899
1613421987887	geckodriver	INFO	Listening on 127.0.0.1:60419
1613421987892	mozrunner::runner	INFO	Running command: "/usr/bin/firefox" "--marionette" "--headless" "-foreground" "-no-remote" "-profile" "/tmp/rust_mozprofilebhs4Vj"
*** You are running in headless mode.
console.warn: SearchSettings: "get: No settings file exists, new profile?" (new Error("", "(unknown module)"))
console.warn: SearchSettings: "get: No settings file exists, new profile?" (new Error("", "(unknown module)"))
1613421989847	Marionette	INFO	Listening on port 42443
1613421989940	Marionette	WARN	TLS certificate errors will be ignored for this session
1613421990022	Marionette	ERROR	[15] No reply from Marionette:Register
JavaScript warning: https://cdn.intergient.com/pageos/1.5.16/videoCard.1451368a7b5e945a3252.js, line 1: WebGL warning: <Create>: Can't use WebGL in headless mode (https://bugzil.la/1375585).
JavaScript warning: https://cdn.intergient.com/pageos/1.5.16/videoCard.1451368a7b5e945a3252.js, line 1: Failed to create WebGL context: WebGL creation failed: 
* Can't use WebGL in headless mode (https://bugzil.la/1375585).
JavaScript warning: https://cdn.intergient.com/pageos/1.5.16/videoCard.1451368a7b5e945a3252.js, line 1: WebGL warning: <Create>: Can't use WebGL in headless mode (https://bugzil.la/1375585).
JavaScript warning: https://cdn.intergient.com/pageos/1.5.16/videoCard.1451368a7b5e945a3252.js, line 1: Failed to create WebGL context: WebGL creation failed: 
* Can't use WebGL in headless mode (https://bugzil.la/1375585).
1613421993344	Marionette	INFO	Stopped listening on port 42443
1613422100956	geckodriver	INFO	Listening on 127.0.0.1:46165
1613422100961	mozrunner::runner	INFO	Running command: "/usr/bin/firefox" "--marionette" "--headless" "-foreground" "-no-remote" "-profile" "/tmp/rust_mozprofilet6dvlH"
*** You are running in headless mode.
console.warn: SearchSettings: "get: No settings file exists, new profile?" (new Error("", "(unknown module)"))
console.warn: SearchSettings: "get: No settings file exists, new profile?" (new Error("", "(unknown module)"))
1613422103442	Marionette	INFO	Listening on port 39959
1613422103573	Marionette	WARN	TLS certificate errors will be ignored for this session
1613422103621	Marionette	ERROR	[15] No reply from Marionette:Register
JavaScript warning: https://cdn.intergient.com/pageos/1.5.16/videoCard.1451368a7b5e945a3252.js, line 1: WebGL warning: <Create>: Can't use WebGL in headless mode (https://bugzil.la/1375585).
JavaScript warning: https://cdn.intergient.com/pageos/1.5.16/videoCard.1451368a7b5e945a3252.js, line 1: Failed to create WebGL context: WebGL creation failed: 
* Can't use WebGL in headless mode (https://bugzil.la/1375585).
JavaScript warning: https://cdn.intergient.com/pageos/1.5.16/videoCard.1451368a7b5e945a3252.js, line 1: WebGL warning: <Create>: Can't use WebGL in headless mode (https://bugzil.la/1375585).
JavaScript warning: https://cdn.intergient.com/pageos/1.5.16/videoCard.1451368a7b5e945a3252.js, line 1: Failed to create WebGL context: WebGL creation failed: 
* Can't use WebGL in headless mode (https://bugzil.la/1375585).
1613422106910	Marionette	INFO	Stopped listening on port 39959
JavaScript warning: https://z.moatads.com/playwireprebidheader597261727146/moatheader.js, line 178: WebGL warning: <Create>: Can't use WebGL in headless mode (https://bugzil.la/1375585).
JavaScript warning: https://z.moatads.com/playwireprebidheader597261727146/moatheader.js, line 178: Failed to create WebGL context: WebGL creation failed: 
* Can't use WebGL in headless mode (https://bugzil.la/1375585).
JavaScript warning: https://z.moatads.com/playwireprebidheader597261727146/moatheader.js, line 178: WebGL warning: <Create>: Can't use WebGL in headless mode (https://bugzil.la/1375585).
JavaScript warning: https://z.moatads.com/playwireprebidheader597261727146/moatheader.js, line 178: Failed to create WebGL context: WebGL creation failed: 
* Can't use WebGL in headless mode (https://bugzil.la/1375585).

###!!! [Parent][RunMessage] Error: Channel closing: too late to send/recv, messages will be lost


###!!! [Parent][RunMessage] Error: Channel closing: too late to send/recv, messages will be lost


###!!! [Parent][RunMessage] Error: Channel closing: too late to send/recv, messages will be lost

1613422287765	geckodriver	INFO	Listening on 127.0.0.1:33701
1613422287770	mozrunner::runner	INFO	Running command: "/usr/bin/firefox" "--marionette" "--headless" "-foreground" "-no-remote" "-profile" "/tmp/rust_mozprofilerWzTJc"
*** You are running in headless mode.
console.warn: SearchSettings: "get: No settings file exists, new profile?" (new Error("", "(unknown module)"))
console.warn: SearchSettings: "get: No settings file exists, new profile?" (new Error("", "(unknown module)"))
1613422289742	Marionette	INFO	Listening on port 33063
1613422289812	Marionette	WARN	TLS certificate errors will be ignored for this session
1613422289833	Marionette	ERROR	[15] No reply from Marionette:Register
JavaScript warning: https://cdn.intergient.com/pageos/1.5.16/videoCard.1451368a7b5e945a3252.js, line 1: WebGL warning: <Create>: Can't use WebGL in headless mode (https://bugzil.la/1375585).
JavaScript warning: https://cdn.intergient.com/pageos/1.5.16/videoCard.1451368a7b5e945a3252.js, line 1: Failed to create WebGL context: WebGL creation failed: 
* Can't use WebGL in headless mode (https://bugzil.la/1375585).
JavaScript warning: https://cdn.intergient.com/pageos/1.5.16/videoCard.1451368a7b5e945a3252.js, line 1: WebGL warning: <Create>: Can't use WebGL in headless mode (https://bugzil.la/1375585).
JavaScript warning: https://cdn.intergient.com/pageos/1.5.16/videoCard.1451368a7b5e945a3252.js, line 1: Failed to create WebGL context: WebGL creation failed: 
* Can't use WebGL in headless mode (https://bugzil.la/1375585).
1613422292717	Marionette	INFO	Stopped listening on port 33063
JavaScript warning: https://z.moatads.com/playwireprebidheader597261727146/moatheader.js, line 178: WebGL warning: <Create>: Can't use WebGL in headless mode (https://bugzil.la/1375585).
JavaScript warning: https://z.moatads.com/playwireprebidheader597261727146/moatheader.js, line 178: Failed to create WebGL context: WebGL creation failed: 
* Can't use WebGL in headless mode (https://bugzil.la/1375585).
JavaScript warning: https://z.moatads.com/playwireprebidheader597261727146/moatheader.js, line 178: WebGL warning: <Create>: Can't use WebGL in headless mode (https://bugzil.la/1375585).
JavaScript warning: https://z.moatads.com/playwireprebidheader597261727146/moatheader.js, line 178: Failed to create WebGL context: WebGL creation failed: 
* Can't use WebGL in headless mode (https://bugzil.la/1375585).

###!!! [Child][MessageChannel] Error: (msgtype=0x5C000E,name=PHttpChannel::Msg___delete__) Channel closing: too late to send/recv, messages will be lost


###!!! [Child][MessageChannel] Error: (msgtype=0x3A0144,name=PContent::Msg_ScriptError) Channel closing: too late to send/recv, messages will be lost


###!!! [Child][MessageChannel] Error: (msgtype=0xB60006,name=PWebSocket::Msg_DeleteSelf) Channel closing: too late to send/recv, messages will be lost


###!!! [Parent][RunMessage] Error: Channel closing: too late to send/recv, messages will be lost

1613422383579	geckodriver	INFO	Listening on 127.0.0.1:43967
1613422383583	mozrunner::runner	INFO	Running command: "/usr/bin/firefox" "--marionette" "--headless" "-foreground" "-no-remote" "-profile" "/tmp/rust_mozprofileuX3ucj"
*** You are running in headless mode.
console.warn: SearchSettings: "get: No settings file exists, new profile?" (new Error("", "(unknown module)"))
console.warn: SearchSettings: "get: No settings file exists, new profile?" (new Error("", "(unknown module)"))
1613422385622	Marionette	INFO	Listening on port 34381
1613422385719	Marionette	WARN	TLS certificate errors will be ignored for this session
1613422385744	Marionette	ERROR	[15] No reply from Marionette:Register
JavaScript warning: https://cdn.intergient.com/pageos/1.5.16/videoCard.1451368a7b5e945a3252.js, line 1: WebGL warning: <Create>: Can't use WebGL in headless mode (https://bugzil.la/1375585).
JavaScript warning: https://cdn.intergient.com/pageos/1.5.16/videoCard.1451368a7b5e945a3252.js, line 1: Failed to create WebGL context: WebGL creation failed: 
* Can't use WebGL in headless mode (https://bugzil.la/1375585).
JavaScript warning: https://cdn.intergient.com/pageos/1.5.16/videoCard.1451368a7b5e945a3252.js, line 1: WebGL warning: <Create>: Can't use WebGL in headless mode (https://bugzil.la/1375585).
JavaScript warning: https://cdn.intergient.com/pageos/1.5.16/videoCard.1451368a7b5e945a3252.js, line 1: Failed to create WebGL context: WebGL creation failed: 
* Can't use WebGL in headless mode (https://bugzil.la/1375585).
1613422388517	Marionette	INFO	Stopped listening on port 34381
JavaScript warning: https://z.moatads.com/playwireprebidheader597261727146/moatheader.js, line 178: WebGL warning: <Create>: Can't use WebGL in headless mode (https://bugzil.la/1375585).
JavaScript warning: https://z.moatads.com/playwireprebidheader597261727146/moatheader.js, line 178: Failed to create WebGL context: WebGL creation failed: 
* Can't use WebGL in headless mode (https://bugzil.la/1375585).
JavaScript warning: https://z.moatads.com/playwireprebidheader597261727146/moatheader.js, line 178: WebGL warning: <Create>: Can't use WebGL in headless mode (https://bugzil.la/1375585).
JavaScript warning: https://z.moatads.com/playwireprebidheader597261727146/moatheader.js, line 178: Failed to create WebGL context: WebGL creation failed: 
* Can't use WebGL in headless mode (https://bugzil.la/1375585).

###!!! [Child][MessageChannel] Error: (msgtype=0x3A0144,name=PContent::Msg_ScriptError) Channel closing: too late to send/recv, messages will be lost


###!!! [Child][MessageChannel] Error: (msgtype=0xB60006,name=PWebSocket::Msg_DeleteSelf) Channel closing: too late to send/recv, messages will be lost

1613422425594	geckodriver	INFO	Listening on 127.0.0.1:58499
1613422425598	mozrunner::runner	INFO	Running command: "/usr/bin/firefox" "--marionette" "--headless" "-foreground" "-no-remote" "-profile" "/tmp/rust_mozprofileoOtzSb"
*** You are running in headless mode.
console.warn: SearchSettings: "get: No settings file exists, new profile?" (new Error("", "(unknown module)"))
console.warn: SearchSettings: "get: No settings file exists, new profile?" (new Error("", "(unknown module)"))
1613422427533	Marionette	INFO	Listening on port 36901
1613422427631	Marionette	WARN	TLS certificate errors will be ignored for this session
1613422427643	Marionette	ERROR	[15] No reply from Marionette:Register
JavaScript warning: https://cdn.intergient.com/pageos/1.5.16/videoCard.1451368a7b5e945a3252.js, line 1: WebGL warning: <Create>: Can't use WebGL in headless mode (https://bugzil.la/1375585).
JavaScript warning: https://cdn.intergient.com/pageos/1.5.16/videoCard.1451368a7b5e945a3252.js, line 1: Failed to create WebGL context: WebGL creation failed: 
* Can't use WebGL in headless mode (https://bugzil.la/1375585).
JavaScript warning: https://cdn.intergient.com/pageos/1.5.16/videoCard.1451368a7b5e945a3252.js, line 1: WebGL warning: <Create>: Can't use WebGL in headless mode (https://bugzil.la/1375585).
JavaScript warning: https://cdn.intergient.com/pageos/1.5.16/videoCard.1451368a7b5e945a3252.js, line 1: Failed to create WebGL context: WebGL creation failed: 
* Can't use WebGL in headless mode (https://bugzil.la/1375585).
1613422430808	Marionette	INFO	Stopped listening on port 36901
JavaScript warning: https://z.moatads.com/playwireprebidheader597261727146/moatheader.js, line 178: WebGL warning: <Create>: Can't use WebGL in headless mode (https://bugzil.la/1375585).
JavaScript warning: https://z.moatads.com/playwireprebidheader597261727146/moatheader.js, line 178: Failed to create WebGL context: WebGL creation failed: 
* Can't use WebGL in headless mode (https://bugzil.la/1375585).
JavaScript warning: https://z.moatads.com/playwireprebidheader597261727146/moatheader.js, line 178: WebGL warning: <Create>: Can't use WebGL in headless mode (https://bugzil.la/1375585).
JavaScript warning: https://z.moatads.com/playwireprebidheader597261727146/moatheader.js, line 178: Failed to create WebGL context: WebGL creation failed: 
* Can't use WebGL in headless mode (https://bugzil.la/1375585).
1613422555238	geckodriver	INFO	Listening on 127.0.0.1:40213
1613422555242	mozrunner::runner	INFO	Running command: "/usr/bin/firefox" "--marionette" "--headless" "-foreground" "-no-remote" "-profile" "/tmp/rust_mozprofileVKZZoZ"
*** You are running in headless mode.
console.warn: SearchSettings: "get: No settings file exists, new profile?" (new Error("", "(unknown module)"))
console.warn: SearchSettings: "get: No settings file exists, new profile?" (new Error("", "(unknown module)"))
1613422557537	Marionette	INFO	Listening on port 45055
1613422557581	Marionette	WARN	TLS certificate errors will be ignored for this session
1613422557599	Marionette	ERROR	[15] No reply from Marionette:Register
JavaScript warning: https://cdn.intergient.com/pageos/1.5.16/videoCard.1451368a7b5e945a3252.js, line 1: WebGL warning: <Create>: Can't use WebGL in headless mode (https://bugzil.la/1375585).
JavaScript warning: https://cdn.intergient.com/pageos/1.5.16/videoCard.1451368a7b5e945a3252.js, line 1: Failed to create WebGL context: WebGL creation failed: 
* Can't use WebGL in headless mode (https://bugzil.la/1375585).
JavaScript warning: https://cdn.intergient.com/pageos/1.5.16/videoCard.1451368a7b5e945a3252.js, line 1: WebGL warning: <Create>: Can't use WebGL in headless mode (https://bugzil.la/1375585).
JavaScript warning: https://cdn.intergient.com/pageos/1.5.16/videoCard.1451368a7b5e945a3252.js, line 1: Failed to create WebGL context: WebGL creation failed: 
* Can't use WebGL in headless mode (https://bugzil.la/1375585).
JavaScript warning: https://z.moatads.com/playwireprebidheader597261727146/moatheader.js, line 178: WebGL warning: <Create>: Can't use WebGL in headless mode (https://bugzil.la/1375585).
JavaScript warning: https://z.moatads.com/playwireprebidheader597261727146/moatheader.js, line 178: Failed to create WebGL context: WebGL creation failed: 
* Can't use WebGL in headless mode (https://bugzil.la/1375585).
JavaScript warning: https://z.moatads.com/playwireprebidheader597261727146/moatheader.js, line 178: WebGL warning: <Create>: Can't use WebGL in headless mode (https://bugzil.la/1375585).
JavaScript warning: https://z.moatads.com/playwireprebidheader597261727146/moatheader.js, line 178: Failed to create WebGL context: WebGL creation failed: 
* Can't use WebGL in headless mode (https://bugzil.la/1375585).
1613422560702	Marionette	INFO	Stopped listening on port 45055
1613422599270	geckodriver	INFO	Listening on 127.0.0.1:60515
1613422599275	mozrunner::runner	INFO	Running command: "/usr/bin/firefox" "--marionette" "--headless" "-foreground" "-no-remote" "-profile" "/tmp/rust_mozprofileCtn6Tw"
*** You are running in headless mode.
console.warn: SearchSettings: "get: No settings file exists, new profile?" (new Error("", "(unknown module)"))
console.warn: SearchSettings: "get: No settings file exists, new profile?" (new Error("", "(unknown module)"))
1613422601242	Marionette	INFO	Listening on port 34913
1613422601315	Marionette	WARN	TLS certificate errors will be ignored for this session
1613422601331	Marionette	ERROR	[15] No reply from Marionette:Register
JavaScript warning: https://cdn.intergient.com/pageos/1.5.16/videoCard.1451368a7b5e945a3252.js, line 1: WebGL warning: <Create>: Can't use WebGL in headless mode (https://bugzil.la/1375585).
JavaScript warning: https://cdn.intergient.com/pageos/1.5.16/videoCard.1451368a7b5e945a3252.js, line 1: Failed to create WebGL context: WebGL creation failed: 
* Can't use WebGL in headless mode (https://bugzil.la/1375585).
JavaScript warning: https://cdn.intergient.com/pageos/1.5.16/videoCard.1451368a7b5e945a3252.js, line 1: WebGL warning: <Create>: Can't use WebGL in headless mode (https://bugzil.la/1375585).
JavaScript warning: https://cdn.intergient.com/pageos/1.5.16/videoCard.1451368a7b5e945a3252.js, line 1: Failed to create WebGL context: WebGL creation failed: 
* Can't use WebGL in headless mode (https://bugzil.la/1375585).
JavaScript warning: https://z.moatads.com/playwireprebidheader597261727146/moatheader.js, line 178: WebGL warning: <Create>: Can't use WebGL in headless mode (https://bugzil.la/1375585).
JavaScript warning: https://z.moatads.com/playwireprebidheader597261727146/moatheader.js, line 178: Failed to create WebGL context: WebGL creation failed: 
* Can't use WebGL in headless mode (https://bugzil.la/1375585).
JavaScript warning: https://z.moatads.com/playwireprebidheader597261727146/moatheader.js, line 178: WebGL warning: <Create>: Can't use WebGL in headless mode (https://bugzil.la/1375585).
JavaScript warning: https://z.moatads.com/playwireprebidheader597261727146/moatheader.js, line 178: Failed to create WebGL context: WebGL creation failed: 
* Can't use WebGL in headless mode (https://bugzil.la/1375585).
1613422604941	Marionette	INFO	Stopped listening on port 34913

###!!! [Parent][RunMessage] Error: Channel closing: too late to send/recv, messages will be lost

1613422662884	geckodriver	INFO	Listening on 127.0.0.1:43129
1613422662888	mozrunner::runner	INFO	Running command: "/usr/bin/firefox" "--marionette" "--headless" "-foreground" "-no-remote" "-profile" "/tmp/rust_mozprofileAEI6a7"
*** You are running in headless mode.
console.warn: SearchSettings: "get: No settings file exists, new profile?" (new Error("", "(unknown module)"))
console.warn: SearchSettings: "get: No settings file exists, new profile?" (new Error("", "(unknown module)"))
1613422665210	Marionette	INFO	Listening on port 36047
1613422665337	Marionette	WARN	TLS certificate errors will be ignored for this session
1613422665364	Marionette	ERROR	[15] No reply from Marionette:Register
JavaScript warning: https://cdn.intergient.com/pageos/1.5.16/videoCard.1451368a7b5e945a3252.js, line 1: WebGL warning: <Create>: Can't use WebGL in headless mode (https://bugzil.la/1375585).
JavaScript warning: https://cdn.intergient.com/pageos/1.5.16/videoCard.1451368a7b5e945a3252.js, line 1: Failed to create WebGL context: WebGL creation failed: 
* Can't use WebGL in headless mode (https://bugzil.la/1375585).
JavaScript warning: https://cdn.intergient.com/pageos/1.5.16/videoCard.1451368a7b5e945a3252.js, line 1: WebGL warning: <Create>: Can't use WebGL in headless mode (https://bugzil.la/1375585).
JavaScript warning: https://cdn.intergient.com/pageos/1.5.16/videoCard.1451368a7b5e945a3252.js, line 1: Failed to create WebGL context: WebGL creation failed: 
* Can't use WebGL in headless mode (https://bugzil.la/1375585).
JavaScript warning: https://z.moatads.com/playwireprebidheader597261727146/moatheader.js, line 178: WebGL warning: <Create>: Can't use WebGL in headless mode (https://bugzil.la/1375585).
JavaScript warning: https://z.moatads.com/playwireprebidheader597261727146/moatheader.js, line 178: Failed to create WebGL context: WebGL creation failed: 
* Can't use WebGL in headless mode (https://bugzil.la/1375585).
JavaScript warning: https://z.moatads.com/playwireprebidheader597261727146/moatheader.js, line 178: WebGL warning: <Create>: Can't use WebGL in headless mode (https://bugzil.la/1375585).
JavaScript warning: https://z.moatads.com/playwireprebidheader597261727146/moatheader.js, line 178: Failed to create WebGL context: WebGL creation failed: 
* Can't use WebGL in headless mode (https://bugzil.la/1375585).
1613422668553	Marionette	INFO	Stopped listening on port 36047
1613422806998	geckodriver	INFO	Listening on 127.0.0.1:43447
1613422807008	mozrunner::runner	INFO	Running command: "/usr/bin/firefox" "--marionette" "--headless" "-foreground" "-no-remote" "-profile" "/tmp/rust_mozprofile7qVOYY"
*** You are running in headless mode.
console.warn: SearchSettings: "get: No settings file exists, new profile?" (new Error("", "(unknown module)"))
console.warn: SearchSettings: "get: No settings file exists, new profile?" (new Error("", "(unknown module)"))
1613422809222	Marionette	INFO	Listening on port 40275
1613422809344	Marionette	WARN	TLS certificate errors will be ignored for this session
1613422809364	Marionette	ERROR	[15] No reply from Marionette:Register
JavaScript warning: https://cdn.intergient.com/pageos/1.5.16/videoCard.1451368a7b5e945a3252.js, line 1: WebGL warning: <Create>: Can't use WebGL in headless mode (https://bugzil.la/1375585).
JavaScript warning: https://cdn.intergient.com/pageos/1.5.16/videoCard.1451368a7b5e945a3252.js, line 1: Failed to create WebGL context: WebGL creation failed: 
* Can't use WebGL in headless mode (https://bugzil.la/1375585).
JavaScript warning: https://cdn.intergient.com/pageos/1.5.16/videoCard.1451368a7b5e945a3252.js, line 1: WebGL warning: <Create>: Can't use WebGL in headless mode (https://bugzil.la/1375585).
JavaScript warning: https://cdn.intergient.com/pageos/1.5.16/videoCard.1451368a7b5e945a3252.js, line 1: Failed to create WebGL context: WebGL creation failed: 
* Can't use WebGL in headless mode (https://bugzil.la/1375585).
JavaScript warning: https://z.moatads.com/playwireprebidheader597261727146/moatheader.js, line 178: WebGL warning: <Create>: Can't use WebGL in headless mode (https://bugzil.la/1375585).
JavaScript warning: https://z.moatads.com/playwireprebidheader597261727146/moatheader.js, line 178: Failed to create WebGL context: WebGL creation failed: 
* Can't use WebGL in headless mode (https://bugzil.la/1375585).
JavaScript warning: https://z.moatads.com/playwireprebidheader597261727146/moatheader.js, line 178: WebGL warning: <Create>: Can't use WebGL in headless mode (https://bugzil.la/1375585).
JavaScript warning: https://z.moatads.com/playwireprebidheader597261727146/moatheader.js, line 178: Failed to create WebGL context: WebGL creation failed: 
* Can't use WebGL in headless mode (https://bugzil.la/1375585).
1613422812346	Marionette	INFO	Stopped listening on port 40275

###!!! [Parent][RunMessage] Error: Channel closing: too late to send/recv, messages will be lost

1613423132358	geckodriver	INFO	Listening on 127.0.0.1:47361
1613423132362	mozrunner::runner	INFO	Running command: "/usr/bin/firefox" "--marionette" "--headless" "-foreground" "-no-remote" "-profile" "/tmp/rust_mozprofileEzsV88"
*** You are running in headless mode.
console.warn: SearchSettings: "get: No settings file exists, new profile?" (new Error("", "(unknown module)"))
console.warn: SearchSettings: "get: No settings file exists, new profile?" (new Error("", "(unknown module)"))
1613423134404	Marionette	INFO	Listening on port 40079
1613423134490	Marionette	WARN	TLS certificate errors will be ignored for this session
1613423134504	Marionette	ERROR	[15] No reply from Marionette:Register
JavaScript warning: https://cdn.intergient.com/pageos/1.5.16/videoCard.1451368a7b5e945a3252.js, line 1: WebGL warning: <Create>: Can't use WebGL in headless mode (https://bugzil.la/1375585).
JavaScript warning: https://cdn.intergient.com/pageos/1.5.16/videoCard.1451368a7b5e945a3252.js, line 1: Failed to create WebGL context: WebGL creation failed: 
* Can't use WebGL in headless mode (https://bugzil.la/1375585).
JavaScript warning: https://cdn.intergient.com/pageos/1.5.16/videoCard.1451368a7b5e945a3252.js, line 1: WebGL warning: <Create>: Can't use WebGL in headless mode (https://bugzil.la/1375585).
JavaScript warning: https://cdn.intergient.com/pageos/1.5.16/videoCard.1451368a7b5e945a3252.js, line 1: Failed to create WebGL context: WebGL creation failed: 
* Can't use WebGL in headless mode (https://bugzil.la/1375585).
1613423137095	Marionette	INFO	Stopped listening on port 40079
1613423187745	geckodriver	INFO	Listening on 127.0.0.1:48109
1613423187752	mozrunner::runner	INFO	Running command: "/usr/bin/firefox" "--marionette" "--headless" "-foreground" "-no-remote" "-profile" "/tmp/rust_mozprofile1MCZxd"
*** You are running in headless mode.
console.warn: SearchSettings: "get: No settings file exists, new profile?" (new Error("", "(unknown module)"))
console.warn: SearchSettings: "get: No settings file exists, new profile?" (new Error("", "(unknown module)"))
1613423189729	Marionette	INFO	Listening on port 34841
1613423189782	Marionette	WARN	TLS certificate errors will be ignored for this session
1613423189801	Marionette	ERROR	[15] No reply from Marionette:Register
JavaScript warning: https://cdn.intergient.com/pageos/1.5.16/videoCard.1451368a7b5e945a3252.js, line 1: WebGL warning: <Create>: Can't use WebGL in headless mode (https://bugzil.la/1375585).
JavaScript warning: https://cdn.intergient.com/pageos/1.5.16/videoCard.1451368a7b5e945a3252.js, line 1: Failed to create WebGL context: WebGL creation failed: 
* Can't use WebGL in headless mode (https://bugzil.la/1375585).
JavaScript warning: https://cdn.intergient.com/pageos/1.5.16/videoCard.1451368a7b5e945a3252.js, line 1: WebGL warning: <Create>: Can't use WebGL in headless mode (https://bugzil.la/1375585).
JavaScript warning: https://cdn.intergient.com/pageos/1.5.16/videoCard.1451368a7b5e945a3252.js, line 1: Failed to create WebGL context: WebGL creation failed: 
* Can't use WebGL in headless mode (https://bugzil.la/1375585).
JavaScript warning: https://z.moatads.com/playwireprebidheader597261727146/moatheader.js, line 178: WebGL warning: <Create>: Can't use WebGL in headless mode (https://bugzil.la/1375585).
JavaScript warning: https://z.moatads.com/playwireprebidheader597261727146/moatheader.js, line 178: Failed to create WebGL context: WebGL creation failed: 
* Can't use WebGL in headless mode (https://bugzil.la/1375585).
JavaScript warning: https://z.moatads.com/playwireprebidheader597261727146/moatheader.js, line 178: WebGL warning: <Create>: Can't use WebGL in headless mode (https://bugzil.la/1375585).
JavaScript warning: https://z.moatads.com/playwireprebidheader597261727146/moatheader.js, line 178: Failed to create WebGL context: WebGL creation failed: 
* Can't use WebGL in headless mode (https://bugzil.la/1375585).
1613423192775	Marionette	INFO	Stopped listening on port 34841
1613423268565	geckodriver	INFO	Listening on 127.0.0.1:55011
1613423268569	mozrunner::runner	INFO	Running command: "/usr/bin/firefox" "--marionette" "--headless" "-foreground" "-no-remote" "-profile" "/tmp/rust_mozprofile5leFO2"
*** You are running in headless mode.
console.warn: SearchSettings: "get: No settings file exists, new profile?" (new Error("", "(unknown module)"))
console.warn: SearchSettings: "get: No settings file exists, new profile?" (new Error("", "(unknown module)"))
1613423270733	Marionette	INFO	Listening on port 34599
1613423270808	Marionette	WARN	TLS certificate errors will be ignored for this session
1613423270824	Marionette	ERROR	[15] No reply from Marionette:Register
JavaScript warning: https://cdn.intergient.com/pageos/1.5.16/videoCard.1451368a7b5e945a3252.js, line 1: WebGL warning: <Create>: Can't use WebGL in headless mode (https://bugzil.la/1375585).
JavaScript warning: https://cdn.intergient.com/pageos/1.5.16/videoCard.1451368a7b5e945a3252.js, line 1: Failed to create WebGL context: WebGL creation failed: 
* Can't use WebGL in headless mode (https://bugzil.la/1375585).
JavaScript warning: https://cdn.intergient.com/pageos/1.5.16/videoCard.1451368a7b5e945a3252.js, line 1: WebGL warning: <Create>: Can't use WebGL in headless mode (https://bugzil.la/1375585).
JavaScript warning: https://cdn.intergient.com/pageos/1.5.16/videoCard.1451368a7b5e945a3252.js, line 1: Failed to create WebGL context: WebGL creation failed: 
* Can't use WebGL in headless mode (https://bugzil.la/1375585).
JavaScript warning: https://z.moatads.com/playwireprebidheader597261727146/moatheader.js, line 178: WebGL warning: <Create>: Can't use WebGL in headless mode (https://bugzil.la/1375585).
JavaScript warning: https://z.moatads.com/playwireprebidheader597261727146/moatheader.js, line 178: Failed to create WebGL context: WebGL creation failed: 
* Can't use WebGL in headless mode (https://bugzil.la/1375585).
JavaScript warning: https://z.moatads.com/playwireprebidheader597261727146/moatheader.js, line 178: WebGL warning: <Create>: Can't use WebGL in headless mode (https://bugzil.la/1375585).
JavaScript warning: https://z.moatads.com/playwireprebidheader597261727146/moatheader.js, line 178: Failed to create WebGL context: WebGL creation failed: 
* Can't use WebGL in headless mode (https://bugzil.la/1375585).
1613423274445	Marionette	INFO	Stopped listening on port 34599

###!!! [Child][RunMessage] Error: Channel closing: too late to send/recv, messages will be lost


###!!! [Child][RunMessage] Error: Channel closing: too late to send/recv, messages will be lost


###!!! [Child][RunMessage] Error: Channel closing: too late to send/recv, messages will be lost


###!!! [Child][RunMessage] Error: Channel closing: too late to send/recv, messages will be lost


###!!! [Child][RunMessage] Error: Channel closing: too late to send/recv, messages will be lost


###!!! [Child][RunMessage] Error: Channel closing: too late to send/recv, messages will be lost


###!!! [Child][RunMessage] Error: Channel closing: too late to send/recv, messages will be lost


###!!! [Child][RunMessage] Error: Channel closing: too late to send/recv, messages will be lost


###!!! [Child][RunMessage] Error: Channel closing: too late to send/recv, messages will be lost


###!!! [Child][RunMessage] Error: Channel closing: too late to send/recv, messages will be lost

1613423379493	geckodriver	INFO	Listening on 127.0.0.1:40051
1613423380497	mozrunner::runner	INFO	Running command: "/usr/bin/firefox" "--marionette" "--headless" "-foreground" "-no-remote" "-profile" "/tmp/rust_mozprofilenU9Iwz"
*** You are running in headless mode.
console.warn: SearchSettings: "get: No settings file exists, new profile?" (new Error("", "(unknown module)"))
console.warn: SearchSettings: "get: No settings file exists, new profile?" (new Error("", "(unknown module)"))
1613423382486	Marionette	INFO	Listening on port 43797
1613423382526	Marionette	WARN	TLS certificate errors will be ignored for this session
1613423382558	Marionette	ERROR	[15] No reply from Marionette:Register
JavaScript warning: https://cdn.intergient.com/pageos/1.5.16/videoCard.1451368a7b5e945a3252.js, line 1: WebGL warning: <Create>: Can't use WebGL in headless mode (https://bugzil.la/1375585).
JavaScript warning: https://cdn.intergient.com/pageos/1.5.16/videoCard.1451368a7b5e945a3252.js, line 1: Failed to create WebGL context: WebGL creation failed: 
* Can't use WebGL in headless mode (https://bugzil.la/1375585).
JavaScript warning: https://cdn.intergient.com/pageos/1.5.16/videoCard.1451368a7b5e945a3252.js, line 1: WebGL warning: <Create>: Can't use WebGL in headless mode (https://bugzil.la/1375585).
JavaScript warning: https://cdn.intergient.com/pageos/1.5.16/videoCard.1451368a7b5e945a3252.js, line 1: Failed to create WebGL context: WebGL creation failed: 
* Can't use WebGL in headless mode (https://bugzil.la/1375585).
JavaScript warning: https://z.moatads.com/playwireprebidheader597261727146/moatheader.js, line 178: WebGL warning: <Create>: Can't use WebGL in headless mode (https://bugzil.la/1375585).
JavaScript warning: https://z.moatads.com/playwireprebidheader597261727146/moatheader.js, line 178: Failed to create WebGL context: WebGL creation failed: 
* Can't use WebGL in headless mode (https://bugzil.la/1375585).
JavaScript warning: https://z.moatads.com/playwireprebidheader597261727146/moatheader.js, line 178: WebGL warning: <Create>: Can't use WebGL in headless mode (https://bugzil.la/1375585).
JavaScript warning: https://z.moatads.com/playwireprebidheader597261727146/moatheader.js, line 178: Failed to create WebGL context: WebGL creation failed: 
* Can't use WebGL in headless mode (https://bugzil.la/1375585).
1613423385451	Marionette	INFO	Stopped listening on port 43797
JavaScript error: https://cdn.intergient.com/pageos/pageos.js, line 1: TypeError: s is undefined
1613423452160	geckodriver	INFO	Listening on 127.0.0.1:35241
1613423452165	mozrunner::runner	INFO	Running command: "/usr/bin/firefox" "--marionette" "--headless" "-foreground" "-no-remote" "-profile" "/tmp/rust_mozprofileXScRDR"
*** You are running in headless mode.
console.warn: SearchSettings: "get: No settings file exists, new profile?" (new Error("", "(unknown module)"))
console.warn: SearchSettings: "get: No settings file exists, new profile?" (new Error("", "(unknown module)"))
1613423454188	Marionette	INFO	Listening on port 42899
1613423454303	Marionette	WARN	TLS certificate errors will be ignored for this session
1613423454322	Marionette	ERROR	[15] No reply from Marionette:Register
JavaScript warning: https://cdn.intergient.com/pageos/1.5.16/videoCard.1451368a7b5e945a3252.js, line 1: WebGL warning: <Create>: Can't use WebGL in headless mode (https://bugzil.la/1375585).
JavaScript warning: https://cdn.intergient.com/pageos/1.5.16/videoCard.1451368a7b5e945a3252.js, line 1: Failed to create WebGL context: WebGL creation failed: 
* Can't use WebGL in headless mode (https://bugzil.la/1375585).
JavaScript warning: https://cdn.intergient.com/pageos/1.5.16/videoCard.1451368a7b5e945a3252.js, line 1: WebGL warning: <Create>: Can't use WebGL in headless mode (https://bugzil.la/1375585).
JavaScript warning: https://cdn.intergient.com/pageos/1.5.16/videoCard.1451368a7b5e945a3252.js, line 1: Failed to create WebGL context: WebGL creation failed: 
* Can't use WebGL in headless mode (https://bugzil.la/1375585).
JavaScript warning: https://z.moatads.com/playwireprebidheader597261727146/moatheader.js, line 178: WebGL warning: <Create>: Can't use WebGL in headless mode (https://bugzil.la/1375585).
JavaScript warning: https://z.moatads.com/playwireprebidheader597261727146/moatheader.js, line 178: Failed to create WebGL context: WebGL creation failed: 
* Can't use WebGL in headless mode (https://bugzil.la/1375585).
JavaScript warning: https://z.moatads.com/playwireprebidheader597261727146/moatheader.js, line 178: WebGL warning: <Create>: Can't use WebGL in headless mode (https://bugzil.la/1375585).
JavaScript warning: https://z.moatads.com/playwireprebidheader597261727146/moatheader.js, line 178: Failed to create WebGL context: WebGL creation failed: 
* Can't use WebGL in headless mode (https://bugzil.la/1375585).
1613423457328	Marionette	INFO	Stopped listening on port 42899
1613423616838	geckodriver	INFO	Listening on 127.0.0.1:54907
1613423616841	mozrunner::runner	INFO	Running command: "/usr/bin/firefox" "--marionette" "--headless" "-foreground" "-no-remote" "-profile" "/tmp/rust_mozprofileXj4sdk"
*** You are running in headless mode.
console.warn: SearchSettings: "get: No settings file exists, new profile?" (new Error("", "(unknown module)"))
console.warn: SearchSettings: "get: No settings file exists, new profile?" (new Error("", "(unknown module)"))
1613423618783	Marionette	INFO	Listening on port 46339
1613423618876	Marionette	WARN	TLS certificate errors will be ignored for this session
1613423618894	Marionette	ERROR	[15] No reply from Marionette:Register
1613423621529	Marionette	INFO	Stopped listening on port 46339
JavaScript error: , line 0: uncaught exception: Object
